Change Physical Footprint: Designator=JA0 Old Footprint=solder_jumper New Footprint=solder_jumper
Change Physical Footprint: Designator=JA1 Old Footprint=solder_jumper New Footprint=solder_jumper
Change Physical Footprint: Designator=JA2 Old Footprint=solder_jumper New Footprint=solder_jumper
Change Physical Footprint: Designator=JA3 Old Footprint=solder_jumper New Footprint=solder_jumper
Change Physical Footprint: Designator=JA4 Old Footprint=solder_jumper New Footprint=solder_jumper
Change Physical Footprint: Designator=JA5 Old Footprint=solder_jumper New Footprint=solder_jumper
Change Physical Footprint: Designator=JA6 Old Footprint=solder_jumper New Footprint=solder_jumper
Change Physical Footprint: Designator=JA+ Old Footprint=solder_jumper New Footprint=solder_jumper
Change Physical Footprint: Designator=JA- Old Footprint=solder_jumper New Footprint=solder_jumper
Change Physical Footprint: Designator=JB+ Old Footprint=solder_jumper New Footprint=solder_jumper
Change Physical Footprint: Designator=JB- Old Footprint=solder_jumper New Footprint=solder_jumper
Change Physical Footprint: Designator=JC+ Old Footprint=solder_jumper New Footprint=solder_jumper
Change Physical Footprint: Designator=JC- Old Footprint=solder_jumper New Footprint=solder_jumper
Change Physical Footprint: Designator=JCS0 Old Footprint=solder_jumper New Footprint=solder_jumper
Change Physical Footprint: Designator=JCS1 Old Footprint=solder_jumper New Footprint=solder_jumper
Change Physical Footprint: Designator=JCS2 Old Footprint=solder_jumper New Footprint=solder_jumper
Change Physical Footprint: Designator=JCS3 Old Footprint=solder_jumper New Footprint=solder_jumper
Change Physical Footprint: Designator=JCS4 Old Footprint=solder_jumper New Footprint=solder_jumper
Change Physical Footprint: Designator=JCS5 Old Footprint=solder_jumper New Footprint=solder_jumper
Change Physical Footprint: Designator=JCS6 Old Footprint=solder_jumper New Footprint=solder_jumper
