Added Component: Designator=P2(dp20-900-double)
Added Pin To Net: NetName=SPI_SCLK Pin=P2-1
Added Pin To Net: NetName=SPI_SCLK Pin=P2-1
Added Pin To Net: NetName=SPI_MOSI Pin=P2-2
Added Pin To Net: NetName=SPI_MOSI Pin=P2-2
Added Pin To Net: NetName=CS_0 Pin=P2-3
Added Pin To Net: NetName=CS_0 Pin=P2-3
Added Pin To Net: NetName=CS_1 Pin=P2-4
Added Pin To Net: NetName=CS_1 Pin=P2-4
Added Pin To Net: NetName=CS_2 Pin=P2-5
Added Pin To Net: NetName=CS_2 Pin=P2-5
Added Pin To Net: NetName=CS_3 Pin=P2-6
Added Pin To Net: NetName=CS_3 Pin=P2-6
Added Pin To Net: NetName=CS_4 Pin=P2-7
Added Pin To Net: NetName=CS_4 Pin=P2-7
Added Pin To Net: NetName=CS_5 Pin=P2-8
Added Pin To Net: NetName=CS_5 Pin=P2-8
Added Pin To Net: NetName=CS_6 Pin=P2-9
Added Pin To Net: NetName=CS_6 Pin=P2-9
Added Pin To Net: NetName=GND Pin=P2-10
Added Pin To Net: NetName=GND Pin=P2-10
Added Pin To Net: NetName=5V Pin=P2-11
Added Pin To Net: NetName=5V Pin=P2-11
Added Pin To Net: NetName=-5V Pin=P2-12
Added Pin To Net: NetName=-5V Pin=P2-12
Added Pin To Net: NetName=A_0 Pin=P2-13
Added Pin To Net: NetName=A_0 Pin=P2-13
Added Pin To Net: NetName=A_1 Pin=P2-14
Added Pin To Net: NetName=A_1 Pin=P2-14
Added Pin To Net: NetName=A_2 Pin=P2-15
Added Pin To Net: NetName=A_2 Pin=P2-15
Added Pin To Net: NetName=A_3 Pin=P2-16
Added Pin To Net: NetName=A_3 Pin=P2-16
Added Pin To Net: NetName=A_4 Pin=P2-17
Added Pin To Net: NetName=A_4 Pin=P2-17
Added Pin To Net: NetName=A_5 Pin=P2-18
Added Pin To Net: NetName=A_5 Pin=P2-18
Added Pin To Net: NetName=A_6 Pin=P2-19
Added Pin To Net: NetName=A_6 Pin=P2-19
Added Pin To Net: NetName=GND Pin=P2-20
Added Pin To Net: NetName=GND Pin=P2-20
Added Member To Class: ClassName=Controller_driver Member=Component P2 dp20
