Change Component Designator: Old Designator=C1 New Designator=C?
Change Component Designator: Old Designator=C2 New Designator=C?
Change Component Designator: Old Designator=C3 New Designator=C?
Change Component Designator: Old Designator=C26 New Designator=C?
Change Component Designator: Old Designator=C38 New Designator=C?
Change Component Designator: Old Designator=DS5V New Designator=DS?
Change Component Designator: Old Designator=DS-5V New Designator=DS-?
Change Component Designator: Old Designator=FB2 New Designator=FB?
Change Component Designator: Old Designator=FB3 New Designator=FB?
Change Component Designator: Old Designator=FB4 New Designator=FB?
Change Component Designator: Old Designator=FB5 New Designator=FB?
Change Component Designator: Old Designator=PL1 New Designator=PL?
Change Component Designator: Old Designator=PL2 New Designator=PL?
Change Component Designator: Old Designator=PR1 New Designator=PR?
Change Component Designator: Old Designator=PR2 New Designator=PR?
Change Component Designator: Old Designator=R1 New Designator=R?
Change Component Designator: Old Designator=R40 New Designator=R?
Change Component Designator: Old Designator=R42 New Designator=R?
Change Component Designator: Old Designator=R43 New Designator=R?
Change Component Designator: Old Designator=R44 New Designator=R?
Change Component Designator: Old Designator=R45 New Designator=R?
Change Component Designator: Old Designator=R46 New Designator=R?
Change Component Designator: Old Designator=R47 New Designator=R?
Change Component Designator: Old Designator=R48 New Designator=R?
Change Component Designator: Old Designator=U1 New Designator=U?
Change Component Designator: Old Designator=U2 New Designator=U?
