Removed Pin From Net: NetName=SPI_SCLK Pin=PL1-1
Removed Pin From Net: NetName=SPI_MOSI Pin=PL1-2
Removed Pin From Net: NetName=dCS_0 Pin=PL1-3
Removed Pin From Net: NetName=dCS_1 Pin=PL1-4
Removed Pin From Net: NetName=dCS_2 Pin=PL1-5
Removed Pin From Net: NetName=dCS_3 Pin=PL1-6
Removed Pin From Net: NetName=dCS_4 Pin=PL1-7
Removed Pin From Net: NetName=dCS_5 Pin=PL1-8
Removed Pin From Net: NetName=dCS_6 Pin=PL1-9
Removed Pin From Net: NetName=GND Pin=PL1-10
Removed Pin From Net: NetName=SPI_SCLK Pin=PL2-1
Removed Pin From Net: NetName=SPI_MOSI Pin=PL2-2
Removed Pin From Net: NetName=SPI_MISO Pin=PL2-3
Removed Pin From Net: NetName=sCS_0 Pin=PL2-4
Removed Pin From Net: NetName=sCS_1 Pin=PL2-5
Removed Pin From Net: NetName=GND Pin=PL2-6
Removed Pin From Net: NetName=NetFB1_1 Pin=PR1-1
Removed Pin From Net: NetName=NetFB2_1 Pin=PR1-2
Removed Pin From Net: NetName=A_0 Pin=PR1-3
Removed Pin From Net: NetName=A_1 Pin=PR1-4
Removed Pin From Net: NetName=A_2 Pin=PR1-5
Removed Pin From Net: NetName=A_3 Pin=PR1-6
Removed Pin From Net: NetName=A_4 Pin=PR1-7
Removed Pin From Net: NetName=A_5 Pin=PR1-8
Removed Pin From Net: NetName=A_6 Pin=PR1-9
Removed Pin From Net: NetName=GND Pin=PR1-10
Removed Pin From Net: NetName=NetFB3_1 Pin=PR2-1
Removed Pin From Net: NetName=NetFB4_1 Pin=PR2-2
Removed Pin From Net: NetName=sCS_2 Pin=PR2-3
Removed Pin From Net: NetName=sCS_3 Pin=PR2-4
Removed Pin From Net: NetName=sCS_4 Pin=PR2-5
Removed Pin From Net: NetName=GND Pin=PR2-6
Removed Member From Class: ClassName=Controller_root Member=PL1
Removed Member From Class: ClassName=Controller_root Member=PL2
Removed Member From Class: ClassName=Controller_root Member=PR1
Removed Member From Class: ClassName=Controller_root Member=PR2
Added Component: Designator=P1(dp20-900)
Added Component: Designator=P2(dp12-900)
Added Pin To Net: NetName=SPI_SCLK Pin=P1-1
Added Pin To Net: NetName=SPI_MOSI Pin=P1-2
Added Pin To Net: NetName=dCS_0 Pin=P1-3
Added Pin To Net: NetName=dCS_1 Pin=P1-4
Added Pin To Net: NetName=dCS_2 Pin=P1-5
Added Pin To Net: NetName=dCS_3 Pin=P1-6
Added Pin To Net: NetName=dCS_4 Pin=P1-7
Added Pin To Net: NetName=dCS_5 Pin=P1-8
Added Pin To Net: NetName=dCS_6 Pin=P1-9
Added Pin To Net: NetName=GND Pin=P1-10
Added Pin To Net: NetName=NetFB1_1 Pin=P1-11
Added Pin To Net: NetName=NetFB2_1 Pin=P1-12
Added Pin To Net: NetName=A_0 Pin=P1-13
Added Pin To Net: NetName=A_1 Pin=P1-14
Added Pin To Net: NetName=A_2 Pin=P1-15
Added Pin To Net: NetName=A_3 Pin=P1-16
Added Pin To Net: NetName=A_4 Pin=P1-17
Added Pin To Net: NetName=A_5 Pin=P1-18
Added Pin To Net: NetName=A_6 Pin=P1-19
Added Pin To Net: NetName=GND Pin=P1-20
Added Pin To Net: NetName=SPI_SCLK Pin=P2-1
Added Pin To Net: NetName=SPI_MOSI Pin=P2-2
Added Pin To Net: NetName=SPI_MISO Pin=P2-3
Added Pin To Net: NetName=sCS_0 Pin=P2-4
Added Pin To Net: NetName=sCS_1 Pin=P2-5
Added Pin To Net: NetName=GND Pin=P2-6
Added Pin To Net: NetName=GND Pin=P2-7
Added Pin To Net: NetName=sCS_4 Pin=P2-8
Added Pin To Net: NetName=sCS_3 Pin=P2-9
Added Pin To Net: NetName=sCS_2 Pin=P2-10
Added Pin To Net: NetName=NetFB4_1 Pin=P2-11
Added Pin To Net: NetName=NetFB3_1 Pin=P2-12
Added Member To Class: ClassName=Controller_root Member=Component P1 dp20
Added Member To Class: ClassName=Controller_root Member=Component P2 dp12
